<?xml version="1.0" encoding="UTF-8"?>
<!-- Generated by org.testng.reporters.JUnitReportReporter -->
<testsuite hostname="Adwitas-MacBook-Air.local" failures="0" tests="1" name="TestNG_Assignment.ClassTwo" time="0.000" errors="0" timestamp="2024-01-12T07:20:24 IST" skipped="0">
  <testcase classname="TestNG_Assignment.ClassTwo" name="p2" time="0.000"/>
  <system-out/>
</testsuite> <!-- TestNG_Assignment.ClassTwo -->
