<?xml version="1.0" encoding="UTF-8"?>
<!-- Generated by org.testng.reporters.JUnitReportReporter -->
<testsuite hostname="Adwitas-MacBook-Air.local" failures="0" tests="2" name="testngpackage1.Invocation_Count" time="28.387" errors="0" timestamp="2024-01-28T16:30:43 IST" skipped="0">
  <testcase classname="testngpackage1.Invocation_Count" name="tc1" time="14.982"/>
  <system-out/>
  <testcase classname="testngpackage1.Invocation_Count" name="tc1" time="13.405"/>
  <system-out/>
</testsuite> <!-- testngpackage1.Invocation_Count -->
