<?xml version="1.0" encoding="UTF-8"?>
<!-- Generated by org.testng.reporters.JUnitReportReporter -->
<testsuite hostname="Adwitas-MacBook-Air.local" failures="0" tests="2" name="TestNG_Assignment.ThreeClassAss" time="0.011" errors="0" timestamp="2024-01-11T20:16:49 IST" skipped="0">
  <testcase classname="TestNG_Assignment.ThreeClassAss" name="testcase4" time="0.001"/>
  <system-out/>
  <testcase classname="TestNG_Assignment.ThreeClassAss" name="testcase2" time="0.010"/>
  <system-out/>
</testsuite> <!-- TestNG_Assignment.ThreeClassAss -->
