<?xml version="1.0" encoding="UTF-8"?>
<!-- Generated by org.testng.reporters.JUnitReportReporter -->
<testsuite hostname="Adwitas-MacBook-Air.local" failures="0" tests="2" name="DataProviderAnnotation.TwoDimensional" time="31.835" errors="0" timestamp="2024-01-29T00:14:09 IST" skipped="0">
  <testcase classname="DataProviderAnnotation.TwoDimensional" name="scenario1" time="17.086"/>
  <system-out/>
  <testcase classname="DataProviderAnnotation.TwoDimensional" name="scenario1" time="14.749"/>
  <system-out/>
</testsuite> <!-- DataProviderAnnotation.TwoDimensional -->
