<?xml version="1.0" encoding="UTF-8"?>
<!-- Generated by org.testng.reporters.JUnitReportReporter -->
<testsuite hostname="Adwitas-MacBook-Air.local" failures="0" tests="1" name="TestNG_Assignment.ClassThree" time="0.001" errors="0" timestamp="2024-01-12T07:20:24 IST" skipped="0">
  <testcase classname="TestNG_Assignment.ClassThree" name="p3" time="0.001"/>
  <system-out/>
</testsuite> <!-- TestNG_Assignment.ClassThree -->
