<?xml version="1.0" encoding="UTF-8"?>
<!-- Generated by org.testng.reporters.JUnitReportReporter -->
<testsuite hostname="Adwitas-MacBook-Air.local" failures="0" tests="1" name="TestNG_Assignment.Screenshot" time="16.378" errors="0" timestamp="2024-01-28T22:08:33 IST" skipped="0">
  <testcase classname="TestNG_Assignment.Screenshot" name="tc1" time="16.378"/>
  <system-out/>
</testsuite> <!-- TestNG_Assignment.Screenshot -->
