<?xml version="1.0" encoding="UTF-8"?>
<!-- Generated by org.testng.reporters.JUnitReportReporter -->
<testsuite hostname="Adwitas-MacBook-Air.local" failures="0" tests="2" name="Listeners_Programs.Listener_Class" time="17.235" errors="0" timestamp="2024-01-30T19:35:49 IST" skipped="0">
  <testcase classname="Listeners_Programs.Listener_Class" name="logout" time="0.003"/>
  <system-out/>
  <testcase classname="Listeners_Programs.Listener_Class" name="login" time="17.232"/>
  <system-out/>
</testsuite> <!-- Listeners_Programs.Listener_Class -->
