<?xml version="1.0" encoding="UTF-8"?>
<!-- Generated by org.testng.reporters.JUnitReportReporter -->
<testsuite hostname="Adwitas-MacBook-Air.local" failures="0" tests="1" name="testngpackage1.Movetowishlist" time="42.848" errors="0" timestamp="2024-01-28T16:51:59 IST" skipped="0">
  <testcase classname="testngpackage1.Movetowishlist" name="wishlist" time="42.848"/>
  <system-out/>
</testsuite> <!-- testngpackage1.Movetowishlist -->
