<?xml version="1.0" encoding="UTF-8"?>
<!-- Generated by org.testng.reporters.JUnitReportReporter -->
<testsuite hostname="Adwitas-MacBook-Air.local" failures="0" tests="7" name="DataProviderAnnotation.Testcase2" time="0.016" errors="0" timestamp="2024-01-28T23:47:15 IST" skipped="0">
  <testcase classname="DataProviderAnnotation.Testcase2" name="scenario1" time="0.001"/>
  <system-out/>
  <testcase classname="DataProviderAnnotation.Testcase2" name="scenario1" time="0.004"/>
  <system-out/>
  <testcase classname="DataProviderAnnotation.Testcase2" name="scenario1" time="0.002"/>
  <system-out/>
  <testcase classname="DataProviderAnnotation.Testcase2" name="scenario1" time="0.006"/>
  <system-out/>
  <testcase classname="DataProviderAnnotation.Testcase2" name="scenario1" time="0.001"/>
  <system-out/>
  <testcase classname="DataProviderAnnotation.Testcase2" name="scenario1" time="0.001"/>
  <system-out/>
  <testcase classname="DataProviderAnnotation.Testcase2" name="scenario1" time="0.001"/>
  <system-out/>
</testsuite> <!-- DataProviderAnnotation.Testcase2 -->
