<?xml version="1.0" encoding="UTF-8"?>
<!-- Generated by org.testng.reporters.JUnitReportReporter -->
<testsuite hostname="Adwitas-MacBook-Air.local" failures="0" tests="5" name="TestNG_Assignment.TestGroup" time="0.013" errors="0" timestamp="2024-01-12T07:20:24 IST" skipped="0">
  <testcase classname="TestNG_Assignment.TestGroup" name="testcase2" time="0.007"/>
  <system-out/>
  <testcase classname="TestNG_Assignment.TestGroup" name="testcase4" time="0.002"/>
  <system-out/>
  <testcase classname="TestNG_Assignment.TestGroup" name="testcase3" time="0.002"/>
  <system-out/>
  <testcase classname="TestNG_Assignment.TestGroup" name="testcase1" time="0.001"/>
  <system-out/>
  <testcase classname="TestNG_Assignment.TestGroup" name="testcase5" time="0.001"/>
  <system-out/>
</testsuite> <!-- TestNG_Assignment.TestGroup -->
