<?xml version="1.0" encoding="UTF-8"?>
<!-- Generated by org.testng.reporters.JUnitReportReporter -->
<testsuite hostname="Adwitas-MacBook-Air.local" failures="0" tests="3" name="testngpackage1.Priorities" time="0.011" errors="0" timestamp="2024-01-28T16:12:37 IST" skipped="0">
  <testcase classname="testngpackage1.Priorities" name="testcase3" time="0.008"/>
  <system-out/>
  <testcase classname="testngpackage1.Priorities" name="testcase1" time="0.002"/>
  <system-out/>
  <testcase classname="testngpackage1.Priorities" name="testcase2" time="0.001"/>
  <system-out/>
</testsuite> <!-- testngpackage1.Priorities -->
