<?xml version="1.0" encoding="UTF-8"?>
<!-- Generated by org.testng.reporters.JUnitReportReporter -->
<testsuite hostname="Adwitas-MacBook-Air.local" failures="0" tests="2" name="testngpackage1.Grouping_TestNG" time="0.010" errors="0" timestamp="2024-01-28T23:18:04 IST" skipped="0">
  <testcase classname="testngpackage1.Grouping_TestNG" name="testcase3" time="0.008"/>
  <system-out/>
  <testcase classname="testngpackage1.Grouping_TestNG" name="testcase4" time="0.002"/>
  <system-out/>
</testsuite> <!-- testngpackage1.Grouping_TestNG -->
