<?xml version="1.0" encoding="UTF-8"?>
<!-- Generated by org.testng.reporters.JUnitReportReporter -->
<testsuite hostname="Adwitas-MacBook-Air.local" failures="0" tests="2" name="testngpackage1.Enabled" time="0.009" errors="0" timestamp="2024-01-28T16:15:33 IST" skipped="1">
  <testcase classname="testngpackage1.Enabled" name="tc2" time="0.009"/>
  <system-out/>
  <testcase classname="testngpackage1.Enabled" name="tc1">
    <skipped/>
  </testcase> <!-- tc1 -->
  <system-out/>
</testsuite> <!-- testngpackage1.Enabled -->
