<?xml version="1.0" encoding="UTF-8"?>
<!-- Generated by org.testng.reporters.JUnitReportReporter -->
<testsuite hostname="Adwitas-MacBook-Air.local" failures="0" tests="3" name="DataProviderAnnotation.Testcase1" time="0.009" errors="0" timestamp="2024-01-28T23:36:46 IST" skipped="0">
  <testcase classname="DataProviderAnnotation.Testcase1" name="scenario1" time="0.002"/>
  <system-out/>
  <testcase classname="DataProviderAnnotation.Testcase1" name="scenario1" time="0.006"/>
  <system-out/>
  <testcase classname="DataProviderAnnotation.Testcase1" name="scenario1" time="0.001"/>
  <system-out/>
</testsuite> <!-- DataProviderAnnotation.Testcase1 -->
