<?xml version="1.0" encoding="UTF-8"?>
<!-- Generated by org.testng.reporters.JUnitReportReporter -->
<testsuite hostname="Adwitas-MacBook-Air.local" failures="0" tests="1" name="testngpackage1.AllAnnotations" time="0.008" errors="0" timestamp="2023-12-20T08:21:34 IST" skipped="0">
  <testcase classname="testngpackage1.AllAnnotations" name="test" time="0.008"/>
  <system-out/>
</testsuite> <!-- testngpackage1.AllAnnotations -->
