<?xml version="1.0" encoding="UTF-8"?>
<!-- Generated by org.testng.reporters.JUnitReportReporter -->
<testsuite hostname="Adwitas-MacBook-Air.local" failures="0" tests="1" name="testngpackage1.First" time="0.009" errors="0" timestamp="2024-01-30T17:58:38 IST" skipped="0">
  <testcase classname="testngpackage1.First" name="add" time="0.009"/>
  <system-out>
    <![CDATA[Test]]>
  </system-out>
</testsuite> <!-- testngpackage1.First -->
