<?xml version="1.0" encoding="UTF-8"?>
<!-- Generated by org.testng.reporters.JUnitReportReporter -->
<testsuite hostname="Adwitas-MacBook-Air.local" failures="0" tests="1" name="Screenshot.LaunchandQuit" time="16.271" errors="0" timestamp="2024-01-29T17:15:13 IST" skipped="0">
  <testcase classname="Screenshot.LaunchandQuit" name="tcs" time="16.271"/>
  <system-out/>
</testsuite> <!-- Screenshot.LaunchandQuit -->
