<?xml version="1.0" encoding="UTF-8"?>
<!-- Generated by org.testng.reporters.JUnitReportReporter -->
<testsuite hostname="Adwitas-MacBook-Air.local" failures="0" tests="5" name="testngpackage1.Threeclasses" time="0.014" errors="0" timestamp="2024-01-11T20:09:11 IST" skipped="0">
  <testcase classname="testngpackage1.Threeclasses" name="testcase4" time="0.001"/>
  <system-out/>
  <testcase classname="testngpackage1.Threeclasses" name="testcase2" time="0.001"/>
  <system-out/>
  <testcase classname="testngpackage1.Threeclasses" name="testcase5" time="0.001"/>
  <system-out/>
  <testcase classname="testngpackage1.Threeclasses" name="testcase1" time="0.010"/>
  <system-out/>
  <testcase classname="testngpackage1.Threeclasses" name="testcase3" time="0.001"/>
  <system-out/>
</testsuite> <!-- testngpackage1.Threeclasses -->
